<?xml version="1.0" encoding="UTF-8" ?>
<testsuite failures="1" time="1.364" errors="0" skipped="0" tests="2" name="cn.webChatServer.service.WebChatServiceImplTest">
  <properties>
[...]
</properties>
  <testcase time="1.361" classname="cn.webChatServer.service.WebChatServiceImplTest" name="testAchieveWebChartUserID"/>
  <testcase time="0.003" classname="cn.webChatServer.service.WebChatServiceImplTest" name="testAchieveAccessToken">
    <failure message="Not yet implemented" type="java.lang.AssertionError">java.lang.AssertionError: Not yet implemented
	at org.junit.Assert.fail(Assert.java:88)
	at cn.webChatServer.service.WebChatServiceImplTest.testAchieveAccessToken(WebChatServiceImplTest.java:19)
	at sun.reflect.NativeMethodAccessorImpl.invoke0(Native Method)
	at sun.reflect.NativeMethodAccessorImpl.invoke(NativeMethodAccessorImpl.java:57)
	at sun.reflect.DelegatingMethodAccessorImpl.invoke(DelegatingMethodAccessorImpl.java:43)
	at java.lang.reflect.Method.invoke(Method.java:606)
	at org.junit.runners.model.FrameworkMethod$1.runReflectiveCall(FrameworkMethod.java:50)
	at org.junit.internal.runners.model.ReflectiveCallable.run(ReflectiveCallable.java:12)
	at org.junit.runners.model.FrameworkMethod.invokeExplosively(FrameworkMethod.java:47)
	at org.junit.internal.runners.statements.InvokeMethod.evaluate(InvokeMethod.java:17)
	at org.springframework.test.context.junit4.statements.RunBeforeTestMethodCallbacks.evaluate(RunBeforeTestMethodCallbacks.java:73)
	at org.springframework.test.context.junit4.statements.RunAfterTestMethodCallbacks.evaluate(RunAfterTestMethodCallbacks.java:82)
	at org.springframework.test.context.junit4.statements.SpringRepeat.evaluate(SpringRepeat.java:73)
	at org.junit.runners.ParentRunner.runLeaf(ParentRunner.java:325)
	at org.springframework.test.context.junit4.SpringJUnit4ClassRunner.runChild(SpringJUnit4ClassRunner.java:217)
	at org.springframework.test.context.junit4.SpringJUnit4ClassRunner.runChild(SpringJUnit4ClassRunner.java:83)
	at org.junit.runners.ParentRunner$3.run(ParentRunner.java:290)
	at org.junit.runners.ParentRunner$1.schedule(ParentRunner.java:71)
	at org.junit.runners.ParentRunner.runChildren(ParentRunner.java:288)
	at org.junit.runners.ParentRunner.access$000(ParentRunner.java:58)
	at org.junit.runners.ParentRunner$2.evaluate(ParentRunner.java:268)
	at org.springframework.test.context.junit4.statements.RunBeforeTestClassCallbacks.evaluate(RunBeforeTestClassCallbacks.java:61)
	at org.springframework.test.context.junit4.statements.RunAfterTestClassCallbacks.evaluate(RunAfterTestClassCallbacks.java:68)
	at org.junit.runners.ParentRunner.run(ParentRunner.java:363)
	at org.springframework.test.context.junit4.SpringJUnit4ClassRunner.run(SpringJUnit4ClassRunner.java:163)
	at org.apache.maven.surefire.junit4.JUnit4Provider.execute(JUnit4Provider.java:252)
	at org.apache.maven.surefire.junit4.JUnit4Provider.executeTestSet(JUnit4Provider.java:141)
	at org.apache.maven.surefire.junit4.JUnit4Provider.invoke(JUnit4Provider.java:112)
	at sun.reflect.NativeMethodAccessorImpl.invoke0(Native Method)
	at sun.reflect.NativeMethodAccessorImpl.invoke(NativeMethodAccessorImpl.java:57)
	at sun.reflect.DelegatingMethodAccessorImpl.invoke(DelegatingMethodAccessorImpl.java:43)
	at java.lang.reflect.Method.invoke(Method.java:606)
	at org.apache.maven.surefire.util.ReflectionUtils.invokeMethodWithArray(ReflectionUtils.java:189)
	at org.apache.maven.surefire.booter.ProviderFactory$ProviderProxy.invoke(ProviderFactory.java:165)
	at org.apache.maven.surefire.booter.ProviderFactory.invokeProvider(ProviderFactory.java:85)
	at org.apache.maven.surefire.booter.ForkedBooter.runSuitesInProcess(ForkedBooter.java:115)
	at org.apache.maven.surefire.booter.ForkedBooter.main(ForkedBooter.java:75)
</failure>
    <system-out>2017-08-21 13:26:15,126 [main] [org.springframework.test.annotation.ProfileValueUtils]-[DEBUG] Retrieved @ProfileValueSourceConfiguration [null] for test class [cn.webChatServer.service.WebChatServiceImplTest]
2017-08-21 13:26:15,126 [main] [org.springframework.test.annotation.ProfileValueUtils]-[DEBUG] Retrieved ProfileValueSource type [class org.springframework.test.annotation.SystemProfileValueSource] for class [cn.webChatServer.service.WebChatServiceImplTest]
2017-08-21 13:26:15,127 [main] [org.springframework.test.context.support.DependencyInjectionTestExecutionListener]-[DEBUG] Performing dependency injection for test context [[DefaultTestContext@440df46a testClass = WebChatServiceImplTest, testInstance = cn.webChatServer.service.WebChatServiceImplTest@50c03c58, testMethod = [null], testException = [null], mergedContextConfiguration = [MergedContextConfiguration@3412c102 testClass = WebChatServiceImplTest, locations = &apos;{classpath:applicationContext.xml}&apos;, classes = &apos;{}&apos;, contextInitializerClasses = &apos;[]&apos;, activeProfiles = &apos;{}&apos;, propertySourceLocations = &apos;{}&apos;, propertySourceProperties = &apos;{}&apos;, contextLoader = &apos;org.springframework.test.context.support.DelegatingSmartContextLoader&apos;, parent = [null]]]].
2017-08-21 13:26:15,127 [main] [org.springframework.test.context.DefaultCacheAwareContextLoaderDelegate]-[DEBUG] Retrieved ApplicationContext from cache with key [[MergedContextConfiguration@3412c102 testClass = WebChatServiceImplTest, locations = &apos;{classpath:applicationContext.xml}&apos;, classes = &apos;{}&apos;, contextInitializerClasses = &apos;[]&apos;, activeProfiles = &apos;{}&apos;, propertySourceLocations = &apos;{}&apos;, propertySourceProperties = &apos;{}&apos;, contextLoader = &apos;org.springframework.test.context.support.DelegatingSmartContextLoader&apos;, parent = [null]]]
2017-08-21 13:26:15,127 [main] [org.springframework.test.context.cache]-[DEBUG] Spring test ApplicationContext cache statistics: [ContextCache@737602e8 size = 1, hitCount = 1, missCount = 1, parentContextCount = 0]
2017-08-21 13:26:15,128 [main] [org.springframework.beans.factory.annotation.InjectionMetadata]-[DEBUG] Processing injected method of bean &apos;cn.webChatServer.service.WebChatServiceImplTest&apos;: AutowiredFieldElement for private cn.webChatServer.service.WebChatService cn.webChatServer.service.WebChatServiceImplTest.webChatService
2017-08-21 13:26:15,128 [main] [org.springframework.beans.factory.support.DefaultListableBeanFactory]-[DEBUG] Returning cached instance of singleton bean &apos;webChatService&apos;
2017-08-21 13:26:15,129 [main] [org.springframework.test.context.support.DirtiesContextTestExecutionListener]-[DEBUG] After test method: context [DefaultTestContext@440df46a testClass = WebChatServiceImplTest, testInstance = cn.webChatServer.service.WebChatServiceImplTest@50c03c58, testMethod = testAchieveAccessToken@WebChatServiceImplTest, testException = java.lang.AssertionError: Not yet implemented, mergedContextConfiguration = [MergedContextConfiguration@3412c102 testClass = WebChatServiceImplTest, locations = &apos;{classpath:applicationContext.xml}&apos;, classes = &apos;{}&apos;, contextInitializerClasses = &apos;[]&apos;, activeProfiles = &apos;{}&apos;, propertySourceLocations = &apos;{}&apos;, propertySourceProperties = &apos;{}&apos;, contextLoader = &apos;org.springframework.test.context.support.DelegatingSmartContextLoader&apos;, parent = [null]]], class dirties context [false], class mode [null], method dirties context [false].
</system-out>
  </testcase>
</testsuite>